Starting FastQC script
Fri Aug 19 10:39:52 EDT 2022
Input FASTQ file:   data/fastq/SRR7609467.fastq.gz
Output dir:         results/fastqc

Started analysis of SRR7609467.fastq.gz
Approx 5% complete for SRR7609467.fastq.gz
Approx 10% complete for SRR7609467.fastq.gz
Approx 15% complete for SRR7609467.fastq.gz
Approx 20% complete for SRR7609467.fastq.gz
Approx 25% complete for SRR7609467.fastq.gz
Approx 30% complete for SRR7609467.fastq.gz
Approx 35% complete for SRR7609467.fastq.gz
Approx 40% complete for SRR7609467.fastq.gz
Approx 45% complete for SRR7609467.fastq.gz
Approx 50% complete for SRR7609467.fastq.gz
Approx 55% complete for SRR7609467.fastq.gz
Approx 60% complete for SRR7609467.fastq.gz
Approx 65% complete for SRR7609467.fastq.gz
Approx 70% complete for SRR7609467.fastq.gz
Approx 75% complete for SRR7609467.fastq.gz
Approx 80% complete for SRR7609467.fastq.gz
Approx 85% complete for SRR7609467.fastq.gz
Approx 90% complete for SRR7609467.fastq.gz
Approx 95% complete for SRR7609467.fastq.gz
Analysis complete for SRR7609467.fastq.gz

Listing output files:
total 16K
-rw-r--r-- 1 jelmer PAS0471 224K Aug 19 10:39 SRR7609467_fastqc.html
-rw-r--r-- 1 jelmer PAS0471 233K Aug 19 10:39 SRR7609467_fastqc.zip

Done with FastQC script
Fri Aug 19 10:39:58 EDT 2022
